<?xml version="1.0" encoding="UTF-8"?>
<!-- Generated by org.testng.reporters.JUnitXMLReporter -->
<testsuite ignored="12" hostname="DESKTOP-H71R6L1" failures="0" tests="1" name="Test" time="32.208" errors="0" timestamp="2023-11-02T18:25:44 EDT">
  <testcase classname="com.HRM.testcases.HRMAddNewUserTest" name="LoginTestData" time="22.01"/>
  <testcase classname="com.HRM.Base.BaseClass" name="@BeforeTest loadConfig" time="0.0">
    <ignored/>
  </testcase> <!-- @BeforeTest loadConfig -->
  <testcase classname="com.HRM.testcases.HRMJobHistoryTest" name="LoginTestData" time="0.0">
    <ignored/>
  </testcase> <!-- LoginTestData -->
  <testcase classname="com.HRM.Base.BaseClass" name="@BeforeTest loadConfig" time="0.0">
    <ignored/>
  </testcase> <!-- @BeforeTest loadConfig -->
  <testcase classname="com.HRM.testcases.HRMEmployeeEditDetailsTest" name="LoginTestData" time="0.0">
    <ignored/>
  </testcase> <!-- LoginTestData -->
  <testcase classname="com.HRM.Base.BaseClass" name="@BeforeTest loadConfig" time="0.0">
    <ignored/>
  </testcase> <!-- @BeforeTest loadConfig -->
  <testcase classname="com.HRM.testcases.HRMValidLoginTest" name="LoginTestData" time="0.0">
    <ignored/>
  </testcase> <!-- LoginTestData -->
  <testcase classname="com.HRM.testcases.OrangeHRMEmpDetailsTest" name="LoginTestData" time="0.0">
    <ignored/>
  </testcase> <!-- LoginTestData -->
  <testcase classname="com.HRM.testcases.LoginInvalidCred" name="InvalidData" time="0.0">
    <ignored/>
  </testcase> <!-- InvalidData -->
  <testcase classname="com.HRM.Base.BaseClass" name="@BeforeTest loadConfig" time="0.0">
    <ignored/>
  </testcase> <!-- @BeforeTest loadConfig -->
  <testcase classname="com.HRM.testcases.HRMExistingEmployeeDetailsTest" name="LoginTestData" time="0.0">
    <ignored/>
  </testcase> <!-- LoginTestData -->
  <testcase classname="com.HRM.Base.BaseClass" name="@BeforeTest loadConfig" time="0.0">
    <ignored/>
  </testcase> <!-- @BeforeTest loadConfig -->
  <testcase classname="com.HRM.Base.BaseClass" name="@BeforeTest loadConfig" time="0.0">
    <ignored/>
  </testcase> <!-- @BeforeTest loadConfig -->
</testsuite> <!-- Test -->
