<?xml version="1.0" encoding="UTF-8"?>
<!-- Generated by org.testng.reporters.JUnitXMLReporter -->
<testsuite ignored="12" hostname="DESKTOP-H71R6L1" failures="1" tests="1" name="OrangeHRMTests" time="1.693" errors="0" timestamp="2023-11-02T08:27:46 EDT">
  <testcase classname="com.HRM.testcases.HRMAddNewUserTest" name="New_Employees" time="1.566">
    <failure type="org.testng.internal.reflect.MethodMatcherException" message="
[public void com.HRM.testcases.HRMAddNewUserTest.New_Employees(java.lang.String,java.lang.String,java.lang.String,java.lang.String,java.lang.String,int,int,java.lang.String) throws java.lang.Throwable] has no parameters defined but was found to be using a data provider (either explicitly specified or inherited from class level annotation).
Data provider mismatch
Method: New_Employees([java.lang.String arg0, java.lang.String arg1, java.lang.String arg2, java.lang.String arg3, java.lang.String arg4, int arg5, int arg6, java.lang.String arg7])
Arguments: [(java.lang.String) Admin,(java.lang.String) Faris198407,(java.lang.String) Gerald,(java.lang.String) J.,(java.lang.String) Ward,(java.lang.String) 878,(java.lang.String) Wed, 06 Sep 2023,(java.lang.String) US Office,(java.lang.String) gerald.ward,(java.lang.String) Admin1234567,(java.lang.String) Admin1234567,(java.lang.String) Default ESS,(java.lang.String) Default Supervisor,(java.lang.String) Time Manager]">
      <![CDATA[org.testng.internal.reflect.MethodMatcherException: 
[public void com.HRM.testcases.HRMAddNewUserTest.New_Employees(java.lang.String,java.lang.String,java.lang.String,java.lang.String,java.lang.String,int,int,java.lang.String) throws java.lang.Throwable] has no parameters defined but was found to be using a data provider (either explicitly specified or inherited from class level annotation).
Data provider mismatch
Method: New_Employees([java.lang.String arg0, java.lang.String arg1, java.lang.String arg2, java.lang.String arg3, java.lang.String arg4, int arg5, int arg6, java.lang.String arg7])
Arguments: [(java.lang.String) Admin,(java.lang.String) Faris198407,(java.lang.String) Gerald,(java.lang.String) J.,(java.lang.String) Ward,(java.lang.String) 878,(java.lang.String) Wed, 06 Sep 2023,(java.lang.String) US Office,(java.lang.String) gerald.ward,(java.lang.String) Admin1234567,(java.lang.String) Admin1234567,(java.lang.String) Default ESS,(java.lang.String) Default Supervisor,(java.lang.String) Time Manager]
at java.base/java.util.ArrayList.forEach(ArrayList.java:1511)
... Removed 22 stack frames]]>
    </failure>
  </testcase> <!-- New_Employees -->
  <testcase classname="com.HRM.Base.BaseClass" name="@BeforeTest loadConfig" time="0.0">
    <ignored/>
  </testcase> <!-- @BeforeTest loadConfig -->
  <testcase classname="com.HRM.testcases.HRMJobHistoryTest" name="LoginTestData" time="0.0">
    <ignored/>
  </testcase> <!-- LoginTestData -->
  <testcase classname="com.HRM.Base.BaseClass" name="@BeforeTest loadConfig" time="0.0">
    <ignored/>
  </testcase> <!-- @BeforeTest loadConfig -->
  <testcase classname="com.HRM.Base.BaseClass" name="@BeforeTest loadConfig" time="0.0">
    <ignored/>
  </testcase> <!-- @BeforeTest loadConfig -->
  <testcase classname="com.HRM.testcases.HRMValidLoginTest" name="LoginTestData" time="0.0">
    <ignored/>
  </testcase> <!-- LoginTestData -->
  <testcase classname="com.HRM.testcases.HRMExistingEmployeeDetailsTest" name="LoginTestData" time="0.0">
    <ignored/>
  </testcase> <!-- LoginTestData -->
  <testcase classname="com.HRM.Base.BaseClass" name="@BeforeTest loadConfig" time="0.0">
    <ignored/>
  </testcase> <!-- @BeforeTest loadConfig -->
  <testcase classname="com.HRM.testcases.OrangeHRMEmpDetailsTest" name="LoginTestData" time="0.0">
    <ignored/>
  </testcase> <!-- LoginTestData -->
  <testcase classname="com.HRM.Base.BaseClass" name="@BeforeTest loadConfig" time="0.0">
    <ignored/>
  </testcase> <!-- @BeforeTest loadConfig -->
  <testcase classname="com.HRM.testcases.HRMEmployeeEditDetailsTest" name="LoginTestData" time="0.0">
    <ignored/>
  </testcase> <!-- LoginTestData -->
  <testcase classname="com.HRM.testcases.LoginInvalidCred" name="InvalidData" time="0.0">
    <ignored/>
  </testcase> <!-- InvalidData -->
  <testcase classname="com.HRM.Base.BaseClass" name="@BeforeTest loadConfig" time="0.0">
    <ignored/>
  </testcase> <!-- @BeforeTest loadConfig -->
</testsuite> <!-- OrangeHRMTests -->
