<?xml version="1.0" encoding="UTF-8"?>
<!-- Generated by org.testng.reporters.JUnitXMLReporter -->
<testsuite ignored="8" hostname="DESKTOP-H71R6L1" failures="0" tests="3" name="Test" time="93.073" errors="0" timestamp="2023-10-29T12:05:17 EDT">
  <testcase classname="com.HRM.testcases.OrangeHRMEmpDetailsTest" name="LoginTestData" time="18.04"/>
  <testcase classname="com.HRM.testcases.HRMExistingEmployeeDetailsTest" name="LoginTestData" time="20.868"/>
  <testcase classname="com.HRM.testcases.HRMJobHistoryTest" name="LoginTestData" time="43.078"/>
  <testcase classname="com.HRM.Base.BaseClass" name="@BeforeTest loadConfig" time="0.0">
    <ignored/>
  </testcase> <!-- @BeforeTest loadConfig -->
  <testcase classname="com.HRM.testcases.LoginInvalidCred" name="InvalidData" time="0.0">
    <ignored/>
  </testcase> <!-- InvalidData -->
  <testcase classname="com.HRM.Base.BaseClass" name="@BeforeTest loadConfig" time="0.0">
    <ignored/>
  </testcase> <!-- @BeforeTest loadConfig -->
  <testcase classname="com.HRM.Base.BaseClass" name="@BeforeTest loadConfig" time="0.0">
    <ignored/>
  </testcase> <!-- @BeforeTest loadConfig -->
  <testcase classname="com.HRM.Base.BaseClass" name="@BeforeTest loadConfig" time="0.0">
    <ignored/>
  </testcase> <!-- @BeforeTest loadConfig -->
  <testcase classname="com.HRM.testcases.HRMValidLoginTest" name="LoginTestData" time="0.0">
    <ignored/>
  </testcase> <!-- LoginTestData -->
  <testcase classname="com.HRM.testcases.HRMEmployeeEditDetailsTest" name="LoginTestData" time="0.0">
    <ignored/>
  </testcase> <!-- LoginTestData -->
  <testcase classname="com.HRM.Base.BaseClass" name="@BeforeTest loadConfig" time="0.0">
    <ignored/>
  </testcase> <!-- @BeforeTest loadConfig -->
</testsuite> <!-- Test -->
