<?xml version="1.0" encoding="UTF-8"?>
<testng-results ignored="0" total="8" passed="8" failed="0" skipped="0">
  <reporter-output>
  </reporter-output>
  <suite started-at="2023-11-26T09:51:44 EST" name="HRM_Tests" finished-at="2023-11-26T09:56:05 EST" duration-ms="260850">
    <groups>
    </groups>
    <test started-at="2023-11-26T09:51:44 EST" name="OrangeHRM_Tests_Execution" finished-at="2023-11-26T09:56:05 EST" duration-ms="260850">
      <class name="com.HRM.testcases.HRMExistingEmployeeDetailsTest">
        <test-method is-config="true" signature="setup(java.lang.String,java.lang.String)[pri:0, instance:com.HRM.testcases.HRMExistingEmployeeDetailsTest@28ec166e]" started-at="2023-11-26T09:52:10 EST" name="setup" finished-at="2023-11-26T09:52:12 EST" duration-ms="2194" status="PASS">
          <params>
            <param index="0">
              <value>
                <![CDATA[Chrome]]>
              </value>
            </param>
            <param index="1">
              <value>
                <![CDATA[https://fhowladerqa0722-trials710.orangehrmlive.com/auth/login]]>
              </value>
            </param>
          </params>
          <reporter-output>
          </reporter-output>
        </test-method> <!-- setup -->
        <test-method signature="LoginTestData(java.lang.String,java.lang.String)[pri:4, instance:com.HRM.testcases.HRMExistingEmployeeDetailsTest@28ec166e]" started-at="2023-11-26T09:52:12 EST" name="LoginTestData" data-provider="bvttest" finished-at="2023-11-26T09:52:32 EST" duration-ms="20283" status="PASS">
          <params>
            <param index="0">
              <value>
                <![CDATA[Admin]]>
              </value>
            </param>
            <param index="1">
              <value>
                <![CDATA[Faris198407]]>
              </value>
            </param>
          </params>
          <reporter-output>
          </reporter-output>
        </test-method> <!-- LoginTestData -->
        <test-method is-config="true" signature="teardown()[pri:0, instance:com.HRM.testcases.HRMExistingEmployeeDetailsTest@28ec166e]" started-at="2023-11-26T09:52:32 EST" name="teardown" finished-at="2023-11-26T09:52:33 EST" duration-ms="1168" status="PASS">
          <reporter-output>
          </reporter-output>
        </test-method> <!-- teardown -->
      </class> <!-- com.HRM.testcases.HRMExistingEmployeeDetailsTest -->
      <class name="com.HRM.testcases.HRMAddNewUserTest">
        <test-method is-config="true" signature="setup(java.lang.String,java.lang.String)[pri:0, instance:com.HRM.testcases.HRMAddNewUserTest@5629510]" started-at="2023-11-26T09:53:16 EST" name="setup" finished-at="2023-11-26T09:53:19 EST" duration-ms="2952" status="PASS">
          <params>
            <param index="0">
              <value>
                <![CDATA[Chrome]]>
              </value>
            </param>
            <param index="1">
              <value>
                <![CDATA[https://fhowladerqa0722-trials710.orangehrmlive.com/auth/login]]>
              </value>
            </param>
          </params>
          <reporter-output>
          </reporter-output>
        </test-method> <!-- setup -->
        <test-method signature="LoginTestData(java.lang.String,java.lang.String)[pri:6, instance:com.HRM.testcases.HRMAddNewUserTest@5629510]" started-at="2023-11-26T09:53:19 EST" name="LoginTestData" data-provider="bvttest" finished-at="2023-11-26T09:54:21 EST" duration-ms="61482" status="PASS">
          <params>
            <param index="0">
              <value>
                <![CDATA[Admin]]>
              </value>
            </param>
            <param index="1">
              <value>
                <![CDATA[Faris198407]]>
              </value>
            </param>
          </params>
          <reporter-output>
          </reporter-output>
        </test-method> <!-- LoginTestData -->
        <test-method is-config="true" signature="teardown()[pri:0, instance:com.HRM.testcases.HRMAddNewUserTest@5629510]" started-at="2023-11-26T09:54:21 EST" name="teardown" finished-at="2023-11-26T09:54:21 EST" duration-ms="274" status="PASS">
          <reporter-output>
          </reporter-output>
        </test-method> <!-- teardown -->
      </class> <!-- com.HRM.testcases.HRMAddNewUserTest -->
      <class name="com.HRM.testcases.HRMEmployeeEditDetailsTest">
        <test-method is-config="true" signature="setup(java.lang.String,java.lang.String)[pri:0, instance:com.HRM.testcases.HRMEmployeeEditDetailsTest@2da59753]" started-at="2023-11-26T09:52:46 EST" name="setup" finished-at="2023-11-26T09:52:49 EST" duration-ms="3176" status="PASS">
          <params>
            <param index="0">
              <value>
                <![CDATA[Chrome]]>
              </value>
            </param>
            <param index="1">
              <value>
                <![CDATA[https://fhowladerqa0722-trials710.orangehrmlive.com/auth/login]]>
              </value>
            </param>
          </params>
          <reporter-output>
          </reporter-output>
        </test-method> <!-- setup -->
        <test-method signature="LoginTestData(java.lang.String,java.lang.String)[pri:3, instance:com.HRM.testcases.HRMEmployeeEditDetailsTest@2da59753]" started-at="2023-11-26T09:52:49 EST" name="LoginTestData" data-provider="bvttest" finished-at="2023-11-26T09:53:16 EST" duration-ms="26742" status="PASS">
          <params>
            <param index="0">
              <value>
                <![CDATA[Admin]]>
              </value>
            </param>
            <param index="1">
              <value>
                <![CDATA[Faris198407]]>
              </value>
            </param>
          </params>
          <reporter-output>
          </reporter-output>
        </test-method> <!-- LoginTestData -->
        <test-method is-config="true" signature="teardown()[pri:0, instance:com.HRM.testcases.HRMEmployeeEditDetailsTest@2da59753]" started-at="2023-11-26T09:53:16 EST" name="teardown" finished-at="2023-11-26T09:53:16 EST" duration-ms="571" status="PASS">
          <reporter-output>
          </reporter-output>
        </test-method> <!-- teardown -->
      </class> <!-- com.HRM.testcases.HRMEmployeeEditDetailsTest -->
      <class name="com.HRM.testcases.OrangeHRMEmpDetailsTest">
        <test-method is-config="true" signature="loadConfig()[pri:0, instance:com.HRM.testcases.OrangeHRMEmpDetailsTest@2a898881]" started-at="2023-11-26T09:51:44 EST" name="loadConfig" finished-at="2023-11-26T09:51:44 EST" duration-ms="15" status="PASS">
          <reporter-output>
          </reporter-output>
        </test-method> <!-- loadConfig -->
        <test-method is-config="true" signature="setup(java.lang.String,java.lang.String)[pri:0, instance:com.HRM.testcases.OrangeHRMEmpDetailsTest@2a898881]" started-at="2023-11-26T09:51:45 EST" name="setup" finished-at="2023-11-26T09:51:51 EST" duration-ms="5841" status="PASS">
          <params>
            <param index="0">
              <value>
                <![CDATA[Chrome]]>
              </value>
            </param>
            <param index="1">
              <value>
                <![CDATA[https://fhowladerqa0722-trials710.orangehrmlive.com/auth/login]]>
              </value>
            </param>
          </params>
          <reporter-output>
          </reporter-output>
        </test-method> <!-- setup -->
        <test-method signature="LoginTestData(java.lang.String,java.lang.String)[pri:2, instance:com.HRM.testcases.OrangeHRMEmpDetailsTest@2a898881]" started-at="2023-11-26T09:51:51 EST" name="LoginTestData" data-provider="bvttest" finished-at="2023-11-26T09:52:09 EST" duration-ms="17940" status="PASS">
          <params>
            <param index="0">
              <value>
                <![CDATA[Admin]]>
              </value>
            </param>
            <param index="1">
              <value>
                <![CDATA[Faris198407]]>
              </value>
            </param>
          </params>
          <reporter-output>
          </reporter-output>
        </test-method> <!-- LoginTestData -->
        <test-method is-config="true" signature="teardown()[pri:0, instance:com.HRM.testcases.OrangeHRMEmpDetailsTest@2a898881]" started-at="2023-11-26T09:52:09 EST" name="teardown" finished-at="2023-11-26T09:52:09 EST" duration-ms="268" status="PASS">
          <reporter-output>
          </reporter-output>
        </test-method> <!-- teardown -->
      </class> <!-- com.HRM.testcases.OrangeHRMEmpDetailsTest -->
      <class name="com.HRM.testcases.LoginInvalidCred">
        <test-method is-config="true" signature="setup(java.lang.String,java.lang.String)[pri:0, instance:com.HRM.testcases.LoginInvalidCred@2eee3069]" started-at="2023-11-26T09:52:33 EST" name="setup" finished-at="2023-11-26T09:52:36 EST" duration-ms="3025" status="PASS">
          <params>
            <param index="0">
              <value>
                <![CDATA[Chrome]]>
              </value>
            </param>
            <param index="1">
              <value>
                <![CDATA[https://fhowladerqa0722-trials710.orangehrmlive.com/auth/login]]>
              </value>
            </param>
          </params>
          <reporter-output>
          </reporter-output>
        </test-method> <!-- setup -->
        <test-method signature="InvalidData(java.lang.String,java.lang.String)[pri:1, instance:com.HRM.testcases.LoginInvalidCred@2eee3069]" started-at="2023-11-26T09:52:36 EST" name="InvalidData" data-provider="bvttest" finished-at="2023-11-26T09:52:45 EST" duration-ms="9129" status="PASS">
          <params>
            <param index="0">
              <value>
                <![CDATA[Admin1]]>
              </value>
            </param>
            <param index="1">
              <value>
                <![CDATA[A60K@PBzhj]]>
              </value>
            </param>
          </params>
          <reporter-output>
          </reporter-output>
        </test-method> <!-- InvalidData -->
        <test-method is-config="true" signature="teardown()[pri:0, instance:com.HRM.testcases.LoginInvalidCred@2eee3069]" started-at="2023-11-26T09:52:45 EST" name="teardown" finished-at="2023-11-26T09:52:46 EST" duration-ms="241" status="PASS">
          <reporter-output>
          </reporter-output>
        </test-method> <!-- teardown -->
      </class> <!-- com.HRM.testcases.LoginInvalidCred -->
      <class name="com.HRM.testcases.HRMSalaryDetailsTest">
        <test-method is-config="true" signature="setup(java.lang.String,java.lang.String)[pri:0, instance:com.HRM.testcases.HRMSalaryDetailsTest@13d9b21f]" started-at="2023-11-26T09:55:37 EST" name="setup" finished-at="2023-11-26T09:55:40 EST" duration-ms="2435" status="PASS">
          <params>
            <param index="0">
              <value>
                <![CDATA[Chrome]]>
              </value>
            </param>
            <param index="1">
              <value>
                <![CDATA[https://fhowladerqa0722-trials710.orangehrmlive.com/auth/login]]>
              </value>
            </param>
          </params>
          <reporter-output>
          </reporter-output>
        </test-method> <!-- setup -->
        <test-method signature="LoginTestData(java.lang.String,java.lang.String)[pri:7, instance:com.HRM.testcases.HRMSalaryDetailsTest@13d9b21f]" started-at="2023-11-26T09:55:40 EST" name="LoginTestData" data-provider="bvttest" finished-at="2023-11-26T09:56:05 EST" duration-ms="25202" status="PASS">
          <params>
            <param index="0">
              <value>
                <![CDATA[Admin]]>
              </value>
            </param>
            <param index="1">
              <value>
                <![CDATA[Faris198407]]>
              </value>
            </param>
          </params>
          <reporter-output>
          </reporter-output>
        </test-method> <!-- LoginTestData -->
        <test-method is-config="true" signature="teardown()[pri:0, instance:com.HRM.testcases.HRMSalaryDetailsTest@13d9b21f]" started-at="2023-11-26T09:56:05 EST" name="teardown" finished-at="2023-11-26T09:56:05 EST" duration-ms="198" status="PASS">
          <reporter-output>
          </reporter-output>
        </test-method> <!-- teardown -->
      </class> <!-- com.HRM.testcases.HRMSalaryDetailsTest -->
      <class name="com.HRM.testcases.HRMValidLoginTest">
        <test-method is-config="true" signature="setup(java.lang.String,java.lang.String)[pri:0, instance:com.HRM.testcases.HRMValidLoginTest@4df5bcb4]" started-at="2023-11-26T09:54:21 EST" name="setup" finished-at="2023-11-26T09:54:24 EST" duration-ms="3129" status="PASS">
          <params>
            <param index="0">
              <value>
                <![CDATA[Chrome]]>
              </value>
            </param>
            <param index="1">
              <value>
                <![CDATA[https://fhowladerqa0722-trials710.orangehrmlive.com/auth/login]]>
              </value>
            </param>
          </params>
          <reporter-output>
          </reporter-output>
        </test-method> <!-- setup -->
        <test-method signature="LoginTestData(java.lang.String,java.lang.String)[pri:0, instance:com.HRM.testcases.HRMValidLoginTest@4df5bcb4]" started-at="2023-11-26T09:54:24 EST" name="LoginTestData" data-provider="bvttest" finished-at="2023-11-26T09:54:32 EST" duration-ms="8238" status="PASS">
          <params>
            <param index="0">
              <value>
                <![CDATA[Admin]]>
              </value>
            </param>
            <param index="1">
              <value>
                <![CDATA[Faris198407]]>
              </value>
            </param>
          </params>
          <reporter-output>
          </reporter-output>
        </test-method> <!-- LoginTestData -->
        <test-method is-config="true" signature="teardown()[pri:0, instance:com.HRM.testcases.HRMValidLoginTest@4df5bcb4]" started-at="2023-11-26T09:54:32 EST" name="teardown" finished-at="2023-11-26T09:54:33 EST" duration-ms="252" status="PASS">
          <reporter-output>
          </reporter-output>
        </test-method> <!-- teardown -->
      </class> <!-- com.HRM.testcases.HRMValidLoginTest -->
      <class name="com.HRM.testcases.HRMJobHistoryTest">
        <test-method is-config="true" signature="setup(java.lang.String,java.lang.String)[pri:0, instance:com.HRM.testcases.HRMJobHistoryTest@12c7a01b]" started-at="2023-11-26T09:54:33 EST" name="setup" finished-at="2023-11-26T09:54:36 EST" duration-ms="3146" status="PASS">
          <params>
            <param index="0">
              <value>
                <![CDATA[Chrome]]>
              </value>
            </param>
            <param index="1">
              <value>
                <![CDATA[https://fhowladerqa0722-trials710.orangehrmlive.com/auth/login]]>
              </value>
            </param>
          </params>
          <reporter-output>
          </reporter-output>
        </test-method> <!-- setup -->
        <test-method signature="LoginTestData(java.lang.String,java.lang.String)[pri:5, instance:com.HRM.testcases.HRMJobHistoryTest@12c7a01b]" started-at="2023-11-26T09:54:36 EST" name="LoginTestData" data-provider="bvttest" finished-at="2023-11-26T09:55:37 EST" duration-ms="61250" status="PASS">
          <params>
            <param index="0">
              <value>
                <![CDATA[Admin]]>
              </value>
            </param>
            <param index="1">
              <value>
                <![CDATA[Faris198407]]>
              </value>
            </param>
          </params>
          <reporter-output>
          </reporter-output>
        </test-method> <!-- LoginTestData -->
        <test-method is-config="true" signature="teardown()[pri:0, instance:com.HRM.testcases.HRMJobHistoryTest@12c7a01b]" started-at="2023-11-26T09:55:37 EST" name="teardown" finished-at="2023-11-26T09:55:37 EST" duration-ms="301" status="PASS">
          <reporter-output>
          </reporter-output>
        </test-method> <!-- teardown -->
      </class> <!-- com.HRM.testcases.HRMJobHistoryTest -->
    </test> <!-- OrangeHRM_Tests_Execution -->
  </suite> <!-- HRM_Tests -->
</testng-results>
