<?xml version="1.0" encoding="UTF-8"?>
<testsuite xmlns:xsi="http://www.w3.org/2001/XMLSchema-instance" xsi:noNamespaceSchemaLocation="https://maven.apache.org/surefire/maven-surefire-plugin/xsd/surefire-test-report-3.0.xsd" version="3.0" name="TestSuite" time="262.663" tests="8" errors="0" skipped="0" failures="0">
  <properties>
[...]
</properties>
  <testcase name="LoginTestData" classname="com.HRM.testcases.OrangeHRMEmpDetailsTest" time="17.941"/>
  <testcase name="LoginTestData" classname="com.HRM.testcases.HRMExistingEmployeeDetailsTest" time="20.282"/>
  <testcase name="InvalidData" classname="com.HRM.testcases.LoginInvalidCred" time="9.128"/>
  <testcase name="LoginTestData" classname="com.HRM.testcases.HRMEmployeeEditDetailsTest" time="26.742"/>
  <testcase name="LoginTestData" classname="com.HRM.testcases.HRMAddNewUserTest" time="61.482"/>
  <testcase name="LoginTestData" classname="com.HRM.testcases.HRMValidLoginTest" time="8.238"/>
  <testcase name="LoginTestData" classname="com.HRM.testcases.HRMJobHistoryTest" time="61.25"/>
  <testcase name="LoginTestData" classname="com.HRM.testcases.HRMSalaryDetailsTest" time="25.202"/>
</testsuite>