<?xml version="1.0" encoding="UTF-8"?>
<testng-results ignored="0" total="3" passed="3" failed="0" skipped="0">
  <reporter-output>
  </reporter-output>
  <suite started-at="2023-11-23T17:09:35 EST" name="Cross_Browser_HRM_Tests" finished-at="2023-11-23T17:11:19 EST" duration-ms="104313">
    <groups>
    </groups>
    <test started-at="2023-11-23T17:09:35 EST" name="Chrome_Test" finished-at="2023-11-23T17:10:06 EST" duration-ms="31413">
      <class name="com.HRM.testcases.OrangeHRMEmpDetailsTest">
        <test-method is-config="true" signature="loadConfig()[pri:0, instance:com.HRM.testcases.OrangeHRMEmpDetailsTest@7cbc3762]" started-at="2023-11-23T17:09:35 EST" name="loadConfig" finished-at="2023-11-23T17:09:35 EST" duration-ms="19" status="PASS">
          <reporter-output>
          </reporter-output>
        </test-method> <!-- loadConfig -->
        <test-method is-config="true" signature="setup(java.lang.String,java.lang.String)[pri:0, instance:com.HRM.testcases.OrangeHRMEmpDetailsTest@7cbc3762]" started-at="2023-11-23T17:09:36 EST" name="setup" finished-at="2023-11-23T17:09:43 EST" duration-ms="6806" status="PASS">
          <params>
            <param index="0">
              <value>
                <![CDATA[Chrome]]>
              </value>
            </param>
            <param index="1">
              <value>
                <![CDATA[https://fhowladerqa0722-trials710.orangehrmlive.com/auth/login]]>
              </value>
            </param>
          </params>
          <reporter-output>
          </reporter-output>
        </test-method> <!-- setup -->
        <test-method signature="LoginTestData(java.lang.String,java.lang.String)[pri:2, instance:com.HRM.testcases.OrangeHRMEmpDetailsTest@7cbc3762]" started-at="2023-11-23T17:09:43 EST" name="LoginTestData" data-provider="bvttest" finished-at="2023-11-23T17:10:05 EST" duration-ms="22931" status="PASS">
          <params>
            <param index="0">
              <value>
                <![CDATA[Admin]]>
              </value>
            </param>
            <param index="1">
              <value>
                <![CDATA[Faris198407]]>
              </value>
            </param>
          </params>
          <reporter-output>
          </reporter-output>
        </test-method> <!-- LoginTestData -->
        <test-method is-config="true" signature="teardown()[pri:0, instance:com.HRM.testcases.OrangeHRMEmpDetailsTest@7cbc3762]" started-at="2023-11-23T17:10:05 EST" name="teardown" finished-at="2023-11-23T17:10:06 EST" duration-ms="454" status="PASS">
          <reporter-output>
          </reporter-output>
        </test-method> <!-- teardown -->
      </class> <!-- com.HRM.testcases.OrangeHRMEmpDetailsTest -->
    </test> <!-- Chrome_Test -->
    <test started-at="2023-11-23T17:10:06 EST" name="Edge_Test" finished-at="2023-11-23T17:10:37 EST" duration-ms="30779">
      <class name="com.HRM.testcases.HRMExistingEmployeeDetailsTest">
        <test-method is-config="true" signature="loadConfig()[pri:0, instance:com.HRM.testcases.HRMExistingEmployeeDetailsTest@4c2cc639]" started-at="2023-11-23T17:10:06 EST" name="loadConfig" finished-at="2023-11-23T17:10:06 EST" duration-ms="3" status="PASS">
          <reporter-output>
          </reporter-output>
        </test-method> <!-- loadConfig -->
        <test-method is-config="true" signature="setup(java.lang.String,java.lang.String)[pri:0, instance:com.HRM.testcases.HRMExistingEmployeeDetailsTest@4c2cc639]" started-at="2023-11-23T17:10:06 EST" name="setup" finished-at="2023-11-23T17:10:12 EST" duration-ms="5562" status="PASS">
          <params>
            <param index="0">
              <value>
                <![CDATA[Edge]]>
              </value>
            </param>
            <param index="1">
              <value>
                <![CDATA[https://fhowladerqa0722-trials710.orangehrmlive.com/auth/login]]>
              </value>
            </param>
          </params>
          <reporter-output>
          </reporter-output>
        </test-method> <!-- setup -->
        <test-method signature="LoginTestData(java.lang.String,java.lang.String)[pri:4, instance:com.HRM.testcases.HRMExistingEmployeeDetailsTest@4c2cc639]" started-at="2023-11-23T17:10:12 EST" name="LoginTestData" data-provider="bvttest" finished-at="2023-11-23T17:10:36 EST" duration-ms="24538" status="PASS">
          <params>
            <param index="0">
              <value>
                <![CDATA[Admin]]>
              </value>
            </param>
            <param index="1">
              <value>
                <![CDATA[Faris198407]]>
              </value>
            </param>
          </params>
          <reporter-output>
          </reporter-output>
        </test-method> <!-- LoginTestData -->
        <test-method is-config="true" signature="teardown()[pri:0, instance:com.HRM.testcases.HRMExistingEmployeeDetailsTest@4c2cc639]" started-at="2023-11-23T17:10:36 EST" name="teardown" finished-at="2023-11-23T17:10:37 EST" duration-ms="491" status="PASS">
          <reporter-output>
          </reporter-output>
        </test-method> <!-- teardown -->
      </class> <!-- com.HRM.testcases.HRMExistingEmployeeDetailsTest -->
    </test> <!-- Edge_Test -->
    <test started-at="2023-11-23T17:10:37 EST" name="FireFox_Test" finished-at="2023-11-23T17:11:19 EST" duration-ms="41994">
      <class name="com.HRM.testcases.HRMJobHistoryTest">
        <test-method is-config="true" signature="loadConfig()[pri:0, instance:com.HRM.testcases.HRMJobHistoryTest@ec2cc4]" started-at="2023-11-23T17:10:37 EST" name="loadConfig" finished-at="2023-11-23T17:10:37 EST" duration-ms="3" status="PASS">
          <reporter-output>
          </reporter-output>
        </test-method> <!-- loadConfig -->
        <test-method is-config="true" signature="setup(java.lang.String,java.lang.String)[pri:0, instance:com.HRM.testcases.HRMJobHistoryTest@ec2cc4]" started-at="2023-11-23T17:10:37 EST" name="setup" finished-at="2023-11-23T17:10:46 EST" duration-ms="9419" status="PASS">
          <params>
            <param index="0">
              <value>
                <![CDATA[FireFox]]>
              </value>
            </param>
            <param index="1">
              <value>
                <![CDATA[https://fhowladerqa0722-trials710.orangehrmlive.com/auth/login]]>
              </value>
            </param>
          </params>
          <reporter-output>
          </reporter-output>
        </test-method> <!-- setup -->
        <test-method signature="LoginTestData(java.lang.String,java.lang.String)[pri:5, instance:com.HRM.testcases.HRMJobHistoryTest@ec2cc4]" started-at="2023-11-23T17:10:46 EST" name="LoginTestData" data-provider="bvttest" finished-at="2023-11-23T17:11:17 EST" duration-ms="30348" status="PASS">
          <params>
            <param index="0">
              <value>
                <![CDATA[Admin]]>
              </value>
            </param>
            <param index="1">
              <value>
                <![CDATA[Faris198407]]>
              </value>
            </param>
          </params>
          <reporter-output>
          </reporter-output>
        </test-method> <!-- LoginTestData -->
        <test-method is-config="true" signature="teardown()[pri:0, instance:com.HRM.testcases.HRMJobHistoryTest@ec2cc4]" started-at="2023-11-23T17:11:17 EST" name="teardown" finished-at="2023-11-23T17:11:19 EST" duration-ms="2058" status="PASS">
          <reporter-output>
          </reporter-output>
        </test-method> <!-- teardown -->
      </class> <!-- com.HRM.testcases.HRMJobHistoryTest -->
    </test> <!-- FireFox_Test -->
  </suite> <!-- Cross_Browser_HRM_Tests -->
</testng-results>
