<?xml version="1.0" encoding="UTF-8"?>
<!-- Generated by org.testng.reporters.JUnitXMLReporter -->
<testsuite ignored="7" hostname="DESKTOP-H71R6L1" failures="0" tests="8" name="OrangeHRM_Tests_Execution" time="302.267" errors="0" timestamp="2023-11-29T20:14:43 EST">
  <testcase classname="com.HRM.testcases.OrangeHRMEmpDetailsTest" name="LoginTestData" time="22.418"/>
  <testcase classname="com.HRM.testcases.HRMExistingEmployeeDetailsTest" name="LoginTestData" time="25.389"/>
  <testcase classname="com.HRM.testcases.LoginInvalidCred" name="InvalidData" time="10.575"/>
  <testcase classname="com.HRM.testcases.HRMEmployeeEditDetailsTest" name="LoginTestData" time="29.728"/>
  <testcase classname="com.HRM.testcases.HRMAddNewUserTest" name="LoginTestData" time="70.122"/>
  <testcase classname="com.HRM.testcases.HRMValidLoginTest" name="LoginTestData" time="13.125"/>
  <testcase classname="com.HRM.testcases.HRMJobHistoryTest" name="LoginTestData" time="47.83"/>
  <testcase classname="com.HRM.testcases.HRMSalaryDetailsTest" name="LoginTestData" time="27.962"/>
  <testcase classname="com.HRM.Base.BaseClass" name="@BeforeTest loadConfig" time="0.0">
    <ignored/>
  </testcase> <!-- @BeforeTest loadConfig -->
  <testcase classname="com.HRM.Base.BaseClass" name="@BeforeTest loadConfig" time="0.0">
    <ignored/>
  </testcase> <!-- @BeforeTest loadConfig -->
  <testcase classname="com.HRM.Base.BaseClass" name="@BeforeTest loadConfig" time="0.0">
    <ignored/>
  </testcase> <!-- @BeforeTest loadConfig -->
  <testcase classname="com.HRM.Base.BaseClass" name="@BeforeTest loadConfig" time="0.0">
    <ignored/>
  </testcase> <!-- @BeforeTest loadConfig -->
  <testcase classname="com.HRM.Base.BaseClass" name="@BeforeTest loadConfig" time="0.0">
    <ignored/>
  </testcase> <!-- @BeforeTest loadConfig -->
  <testcase classname="com.HRM.Base.BaseClass" name="@BeforeTest loadConfig" time="0.0">
    <ignored/>
  </testcase> <!-- @BeforeTest loadConfig -->
  <testcase classname="com.HRM.Base.BaseClass" name="@BeforeTest loadConfig" time="0.0">
    <ignored/>
  </testcase> <!-- @BeforeTest loadConfig -->
</testsuite> <!-- OrangeHRM_Tests_Execution -->
